<?xml version="1.0" encoding="UTF-8"?>
<!-- Generated by org.testng.reporters.JUnitReportReporter -->
<testsuite hostname="SankarRama_gift" failures="0" tests="1" name="testScripts.tutorialsPoint" time="1.508" errors="0" timestamp="2025-06-01T23:55:50 EDT" skipped="0">
  <testcase classname="testScripts.tutorialsPoint" name="searchBox" time="1.508"/>
</testsuite> <!-- testScripts.tutorialsPoint -->
