<?xml version="1.0" encoding="UTF-8"?>
<!-- Generated by org.testng.reporters.JUnitReportReporter -->
<testsuite hostname="SankarRama_gift" failures="0" tests="1" name="RestAssuredPractice.RestAssuredPractice1" time="1.879" errors="0" timestamp="2025-04-03T01:04:58 EDT" skipped="0">
  <testcase classname="RestAssuredPractice.RestAssuredPractice1" name="method1" time="1.879"/>
</testsuite> <!-- RestAssuredPractice.RestAssuredPractice1 -->
