<?xml version="1.0" encoding="UTF-8"?>
<!-- Generated by org.testng.reporters.JUnitReportReporter -->
<testsuite hostname="SankarRama_gift" failures="0" tests="1" name="Testing1" time="0.011" errors="0" timestamp="2025-03-17T12:04:14 EDT" skipped="0">
  <testcase classname="Testing1" name="test1" time="0.011"/>
</testsuite> <!-- Testing1 -->
