<?xml version="1.0" encoding="UTF-8"?>
<!-- Generated by org.testng.reporters.JUnitReportReporter -->
<testsuite hostname="SankarRama_gift" failures="0" tests="1" name="TestNGPractice.TestClass3" time="3.639" errors="0" timestamp="2025-03-24T12:29:59 EDT" skipped="0">
  <testcase classname="TestNGPractice.TestClass3" name="testMethod2" time="3.639"/>
</testsuite> <!-- TestNGPractice.TestClass3 -->
